Case #1:
1000000000000001 3 2 5 2 7 2 3 2 7
1000000000000111 13 11 3 3 2 5 2 7 2 3 2 11
1000000000001101 3 2 5 2 7 2 3 2 11
1000000000010011 5 3 2 5 2 7 2 3 2 7
1000000000011001 11 31 223 17 5 29 3 2 5 2 7 2 3 2 11
1000000000011111 3 2 3 2 7 2 3 2 3
1000000000100101 3 2 5 2 7 2 3 2 7
1000000000101011 7 2 3 7 13 3 5 43 3 73 7
1000000000101111 5 2 3 2 37 2 5 2 3
1000000000110111 37 5 23 23 17 11 23 5 3 2 3 2 7 2 3 2 3
1000000000111011 17 2 3 2 73 2 17 2 3
1000000001000011 3 2 5 2 7 2 3 2 11
1000000001001001 3 2 5 2 7 2 3 2 7
1000000001001111 5 13 113 3 2 3 2 7 2 3 2 3
1000000001010101 7 271 3 7 13 3 5 17 3 53 7
1000000001011001 11 5 281 101 5 67 5 13 19
1000000001100001 17 2 3 2 59 113 7 157 19 3 2 5 2 7 2 3 2 11
1000000001100111 3 2 3 2 7 2 3 2 3
1000000001101011 5 2 3 2 37 2 5 2 3
1000000001110011 7 131 3 2 3 2 7 2 3 2 3
1000000001111001 3 2 3 2 7 2 3 2 3
1000000001111111 7 19 43 17 3 2 5 2 7 2 3 2 7
1000000010000101 167 2 11 2 3 2 5 2 7 2 3 2 11
1000000010010001 5 2 7 2 3 5 3 2 5 2 7 2 3 2 7
1000000010010111 3 2 3 2 7 2 3 2 3
1000000010011011 11 2 3 2 13 2 47 2 3
1000000010100111 19 5 67 13 2 3 5 2 3 2 37 2 5 2 3
1000000010110101 3 79 5 31 11 73 5 5 59 19 47 2 3 2 11 2 3 2 3 2 7 2 3 2 3
1000000010111011 31 2 3 2 3 7 13 3 31 5 3 73 7
1000000011000001 23 2 37 2 3 2 5 2 7 2 3 2 11
1000000011000111 5 3 2 3 2 7 2 3 2 3
1000000011001101 3 2 3 2 7 2 3 2 3
1000000011010011 7 5 19 347 5 3 2 3 2 7 2 3 2 3
1000000011011001 3 2 3 2 7 2 3 2 3
1000000011011111 11 3 2 5 2 7 2 3 2 11
1000000011100011 5 2 3 2 37 2 5 2 3
1000000011110001 61 2 3 2 3 17 7 3 17 23 3 5 13 2 193 2 3 2 3 2 7 2 3 2 3
1000000011110111 3 2 5 2 7 2 3 2 11
1000000011111101 7 2 3 2 5 2 7 2 3 2 7
1000000100000011 5 19 3 281 71 3 17 3 2 5 2 7 2 3 2 11
1000000100001001 17 7 107 3 2 5 2 7 2 3 2 11
1000000100001111 3 2 3 2 7 2 3 2 3
1000000100010111 173 3 7 2 3 2 11 2 73 2 3
1000000100011011 3 2 3 2 7 2 3 2 3
1000000100011111 5 823 337 7 61 5 7 563 857
1000000100100011 13 5 19 61 5 439 5 743 89
1000000100100111 3 2 3 2 7 2 3 2 3
1000000100101101 43 2 3 2 3 2 3 2 7 2 3 2 3
1000000100110011 3 2 3 2 7 2 3 2 3
1000000100111001 19 5 3 2 3 2 7 2 3 2 3

